[2015-09-11 15:29:29]	sentimentData/Data/NLPIR.user Not valid license or your license expired! Please feel free to contact pipy_zhang@msn.com! 
[2015-09-11 15:29:29]	NLPIR Segment init failed
[2015-09-11 15:29:34]	sentimentData/Data/NLPIR.user Not valid license or your license expired! Please feel free to contact pipy_zhang@msn.com! 
[2015-09-11 15:29:34]	NLPIR Segment init failed
[2015-09-11 15:30:43]	sentimentData/Data/NLPIR.user Not valid license or your license expired! Please feel free to contact pipy_zhang@msn.com! 
[2015-09-11 15:30:43]	NLPIR Segment init failed
[2015-09-11 15:31:35]	sentimentData/Data/NLPIR.user Not valid license or your license expired! Please feel free to contact pipy_zhang@msn.com! 
[2015-09-11 15:31:35]	NLPIR Segment init failed
[2015-09-11 15:45:19]	/home/harvey/Downloads/NLPIR-master/NLPIR SDK/SentimentAnalysis/project/sentimentAnalysis/Data/NLPIR.user Not valid license or your license expired! Please feel free to contact pipy_zhang@msn.com! 
[2015-09-11 15:45:19]	NLPIR Segment init failed
[2015-09-11 15:47:58]	/home/harvey/Downloads/NLPIR-master/NLPIR SDK/SentimentAnalysis/project/sentimentAnalysis/Data/NLPIR.user Not valid license or your license expired! Please feel free to contact pipy_zhang@msn.com! 
[2015-09-11 15:47:58]	NLPIR Segment init failed
[2015-09-11 18:14:54]	Failed Open file dict/test.txt
[2015-09-11 18:14:54]	Error read file
[2015-09-11 18:14:54]	dict/test.txt
[2015-09-11 18:15:40]	Failed Open file dict/test.txt
[2015-09-11 18:15:40]	Error read file
[2015-09-11 18:15:40]	dict/test.txt
[2015-09-11 18:18:20]	Failed Open file dict/test.txt
[2015-09-11 18:18:20]	Error read file
[2015-09-11 18:18:20]	dict/test.txt
[2015-09-11 23:49:31]	/home/harvey/WorkSpace/IdeaProjects/SocialPlus/Data/NLPIR.user Not valid license or your license expired! Please feel free to contact pipy_zhang@msn.com! 
[2015-09-11 23:49:31]	NLPIR Segment init failed
[2015-09-11 23:57:19]	Failed Open file dict/test.txt
[2015-09-11 23:57:19]	Error read file
[2015-09-11 23:57:19]	dict/test.txt
